4500
Topo constructed!
9 9 9 9 9 9 9 9 9 9 9 9 9 9 9 9 9 9 9 9 9 9 9 9 9 9 9 9 9 9 9 9 9 9 9 9 9 9 9 9 9 9 9 9 9 9 9 9 9 9 9 9 9 9 9 9 9 9 9 9 9 9 9 9 9 9 9 9 9 9 9 9 9 9 9 9 9 9 9 9 9 9 9 9 9 9 9 9 9 9 9 9 9 9 9 9 9 9 9 9 9 9 9 9 9 9 9 9 9 9 9 9 9 9 9 9 9 9 9 9 9 9 9 9 9 9 9 9 9 9 9 9 9 9 9 9 9 9 9 9 9 9 9 9 9 9 9 9 9 9 9 9 9 9 9 9 9 9 9 9 9 9 9 9 9 9 9 9 9 9 9 9 9 9 9 9 9 9 9 9 9 9 9 9 9 9 9 9 9 9 9 9 9 9 9 9 9 9 9 9 9 9 9 9 9 9 9 9 9 9 9 9 9 9 9 9 9 9 9 9 9 9 9 9 9 9 9 9 9 9 9 9 9 9 9 9 9 9 9 9 9 9 9 9 9 9 9 9 9 9 9 9 9 9 9 9 9 9 9 9 9 9 9 9 9 9 9 9 9 9 9 9 9 9 9 9 9 9 9 9 9 9 9 9 9 9 9 9 9 9 9 9 9 9 9 9 9 9 9 9 9 9 9 9 9 9 9 9 9 9 9 9 9 9 9 9 9 9 9 9 9 9 9 9 9 9 9 9 9 9 9 9 9 9 9 9 9 9 9 9 9 9 9 9 9 9 9 9 9 9 9 9 9 9 9 9 9 9 9 9 9 9 9 9 9 9 9 9 9 9 9 9 9 9 9 9 9 9 9 9 9 9 9 9 9 9 9 9 9 9 9 9 9 9 9 9 9 9 9 9 9 9 9 9 9 9 9 9 9 9 9 9 9 9 9 9 9 9 9 9 9 9 9 9 9 9 9 9 9 9 9 9 9 9 9 9 9 9 9 9 9 9 9 9 9 9 9 9 9 9 9 9 9 9 9 9 9 9 9 9 9 9 9 9 9 9 9 9 9 9 9 9 9 9 9 9 9 9 9 9 9 9 9 9 9 9 9 9 9 9 9 9 9 9 9 9 9 9 9 9 
0
Set parameter Username
Academic license - for non-commercial use only - expires 2023-09-23
Average path num: 32
All consts added
Throughtput: 0.266821
Time use: 3692.85s
4500
Topo constructed!
9 9 9 9 9 9 9 9 9 9 9 9 9 9 9 9 9 9 9 9 9 9 9 9 9 9 9 9 9 9 9 9 9 9 9 9 9 9 9 9 9 9 9 9 9 9 9 9 9 9 9 9 9 9 9 9 9 9 9 9 9 9 9 9 9 9 9 9 9 9 9 9 9 9 9 9 9 9 9 9 9 9 9 9 9 9 9 9 9 9 9 9 9 9 9 9 9 9 9 9 9 9 9 9 9 9 9 9 9 9 9 9 9 9 9 9 9 9 9 9 9 9 9 9 9 9 9 9 9 9 9 9 9 9 9 9 9 9 9 9 9 9 9 9 9 9 9 9 9 9 9 9 9 9 9 9 9 9 9 9 9 9 9 9 9 9 9 9 9 9 9 9 9 9 9 9 9 9 9 9 9 9 9 9 9 9 9 9 9 9 9 9 9 9 9 9 9 9 9 9 9 9 9 9 9 9 9 9 9 9 9 9 9 9 9 9 9 9 9 9 9 9 9 9 9 9 9 9 9 9 9 9 9 9 9 9 9 9 9 9 9 9 9 9 9 9 9 9 9 9 9 9 9 9 9 9 9 9 9 9 9 9 9 9 9 9 9 9 9 9 9 9 9 9 9 9 9 9 9 9 9 9 9 9 9 9 9 9 9 9 9 9 9 9 9 9 9 9 9 9 9 9 9 9 9 9 9 9 9 9 9 9 9 9 9 9 9 9 9 9 9 9 9 9 9 9 9 9 9 9 9 9 9 9 9 9 9 9 9 9 9 9 9 9 9 9 9 9 9 9 9 9 9 9 9 9 9 9 9 9 9 9 9 9 9 9 9 9 9 9 9 9 9 9 9 9 9 9 9 9 9 9 9 9 9 9 9 9 9 9 9 9 9 9 9 9 9 9 9 9 9 9 9 9 9 9 9 9 9 9 9 9 9 9 9 9 9 9 9 9 9 9 9 9 9 9 9 9 9 9 9 9 9 9 9 9 9 9 9 9 9 9 9 9 9 9 9 9 9 9 9 9 9 9 9 9 9 9 9 9 9 9 9 9 9 9 9 9 9 9 9 9 9 9 9 9 9 9 9 9 9 9 9 9 9 9 9 9 9 9 9 9 9 9 9 9 9 9 9 9 
0
Set parameter Username
Academic license - for non-commercial use only - expires 2023-09-23
Average path num: 32
All consts added
Throughtput: 0.444376
Time use: 638.474s
4500
Topo constructed!
7 6 7 8 8 7 7 6 9 7 9 9 8 9 8 6 8 9 9 8 5 7 8 7 8 9 5 7 8 9 6 9 9 8 9 8 7 8 8 8 9 8 6 8 7 8 7 9 8 8 9 8 8 8 5 8 9 7 8 8 8 5 8 8 8 8 9 9 9 9 7 9 9 6 9 9 8 6 7 8 9 9 9 8 8 8 8 8 9 9 8 7 9 8 9 9 8 8 8 9 8 6 8 6 7 8 8 8 8 7 7 7 7 8 8 8 6 7 9 6 9 9 7 7 9 8 9 7 8 8 9 8 8 8 8 9 8 8 7 9 8 7 6 8 8 9 9 8 7 8 8 6 9 8 8 8 9 7 6 9 9 8 9 8 8 8 6 7 8 8 9 8 8 9 8 9 8 8 9 7 8 8 7 8 8 8 7 8 8 9 8 9 9 9 9 7 8 8 9 8 8 8 8 8 7 9 7 6 7 9 8 9 7 7 8 9 8 9 8 8 9 8 8 9 7 9 9 9 8 8 8 8 9 9 9 9 8 8 9 6 9 8 8 9 5 7 7 9 9 7 8 9 8 7 7 8 9 9 8 9 8 9 8 8 9 8 8 9 8 8 9 8 8 9 9 9 9 9 7 8 8 8 7 9 9 8 8 7 9 8 6 8 8 7 9 8 8 8 8 8 9 8 6 9 7 8 9 8 9 9 6 8 8 8 8 9 8 9 9 7 8 8 7 9 8 9 6 9 9 8 7 9 8 8 9 7 7 8 9 9 9 8 7 9 7 8 9 9 9 7 8 8 8 8 7 8 6 8 8 9 8 9 8 8 9 9 8 8 9 6 9 7 8 8 8 9 9 8 8 9 8 8 8 9 7 9 8 8 9 9 6 9 8 7 8 7 8 6 8 8 6 8 9 7 9 7 7 7 9 9 8 9 7 7 9 7 9 7 8 9 7 7 8 8 9 9 8 8 9 8 8 8 8 8 8 9 8 9 9 8 9 9 9 8 8 7 6 9 9 9 4 9 9 7 9 8 9 8 8 8 9 8 9 9 9 7 9 7 9 8 8 8 7 8 8 7 8 9 8 7 8 8 8 9 8 9 8 7 7 8 8 3 9 9 5 7 9 9 7 8 
499
Set parameter Username
Academic license - for non-commercial use only - expires 2023-09-23
Average path num: 32
All consts added
Throughtput: 0.269998
Time use: 16.5747s
4500
Topo constructed!
7 6 7 8 8 7 7 6 9 7 9 9 8 9 8 6 8 9 9 8 5 7 8 7 8 9 5 7 8 9 6 9 9 8 9 8 7 8 8 8 9 8 6 8 7 8 7 9 8 8 9 8 8 8 5 8 9 7 8 8 8 5 8 8 8 8 9 9 9 9 7 9 9 6 9 9 8 6 7 8 9 9 9 8 8 8 8 8 9 9 8 7 9 8 9 9 8 8 8 9 8 6 8 6 7 8 8 8 8 7 7 7 7 8 8 8 6 7 9 6 9 9 7 7 9 8 9 7 8 8 9 8 8 8 8 9 8 8 7 9 8 7 6 8 8 9 9 8 7 8 8 6 9 8 8 8 9 7 6 9 9 8 9 8 8 8 6 7 8 8 9 8 8 9 8 9 8 8 9 7 8 8 7 8 8 8 7 8 8 9 8 9 9 9 9 7 8 8 9 8 8 8 8 8 7 9 7 6 7 9 8 9 7 7 8 9 8 9 8 8 9 8 8 9 7 9 9 9 8 8 8 8 9 9 9 9 8 8 9 6 9 8 8 9 5 7 7 9 9 7 8 9 8 7 7 8 9 9 8 9 8 9 8 8 9 8 8 9 8 8 9 8 8 9 9 9 9 9 7 8 8 8 7 9 9 8 8 7 9 8 6 8 8 7 9 8 8 8 8 8 9 8 6 9 7 8 9 8 9 9 6 8 8 8 8 9 8 9 9 7 8 8 7 9 8 9 6 9 9 8 7 9 8 8 9 7 7 8 9 9 9 8 7 9 7 8 9 9 9 7 8 8 8 8 7 8 6 8 8 9 8 9 8 8 9 9 8 8 9 6 9 7 8 8 8 9 9 8 8 9 8 8 8 9 7 9 8 8 9 9 6 9 8 7 8 7 8 6 8 8 6 8 9 7 9 7 7 7 9 9 8 9 7 7 9 7 9 7 8 9 7 7 8 8 9 9 8 8 9 8 8 8 8 8 8 9 8 9 9 8 9 9 9 8 8 7 6 9 9 9 4 9 9 7 9 8 9 8 8 8 9 8 9 9 9 7 9 7 9 8 8 8 7 8 8 7 8 9 8 7 8 8 8 9 8 9 8 7 7 8 8 3 9 9 5 7 9 9 7 8 
499
Set parameter Username
Academic license - for non-commercial use only - expires 2023-09-23
Average path num: 32
All consts added
Throughtput: 0.448444
Time use: 360.248s
