Topology constructed
The thread 15 0.800448
The thread 2 0.800397
The thread 7 0.800397
The thread 8 0.800397
The thread 14 0.800397
The thread 5 0.800397
The thread 9 0.800397
The thread 12 0.800397
The thread 0 0.800397
The thread 6 0.800397
The thread 3 0.800397
The thread 13 0.800397
The thread 1 0.800397
The thread 10 0.800397
The thread 11 0.800397
The thread 4 0.800397
The thread 12 0.800397
The thread 6 0.800397
The thread 10 0.800397
The thread 8 0.800397
The thread 7 0.800397
The thread 11 0.800397
The thread 15 0.800448
The thread 4 0.800397
The thread 0 0.800397
The thread 2 0.800397
The thread 9 0.800397
The thread 3 0.800397
The thread 5 0.800397
The thread 14 0.800397
The thread 13 0.800397
The thread 1 0.800397
Set parameter Username
Academic license - for non-commercial use only - expires 2023-09-23
Average path num: 32
All consts added
Throughtput: 0.307791
1000196188
Set parameter Username
Academic license - for non-commercial use only - expires 2023-09-23
Average path num: 32
All consts added
Throughtput: 0.309186
1000724832
Set parameter Username
Academic license - for non-commercial use only - expires 2023-09-23
Average path num: 32
All consts added
Throughtput: 0.28328
1109973068
Time use: 6384.71s
